# JRE version: 7.0_05-b05
# Java VM: Java HotSpot(TM) Client VM (23.1-b03 mixed mode, sharing windows-x86 )
Heap
 def new generation   total 4928K, used 3335K [0x24220000, 0x24770000, 0x29770000)
  eden space 4416K,  68% used [0x24220000, 0x24516220, 0x24670000)
  from space 512K,  59% used [0x24670000, 0x246bbd00, 0x246f0000)
  to   space 512K,   0% used [0x246f0000, 0x246f0000, 0x24770000)
 tenured generation   total 10944K, used 2429K [0x29770000, 0x2a220000, 0x34220000)
   the space 10944K,  22% used [0x29770000, 0x299cf720, 0x299cf800, 0x2a220000)
 compacting perm gen  total 12288K, used 1133K [0x34220000, 0x34e20000, 0x38220000)
   the space 12288K,   9% used [0x34220000, 0x3433b4e8, 0x3433b600, 0x34e20000)
    ro space 10240K,  45% used [0x38220000, 0x386a3960, 0x386a3a00, 0x38c20000)
    rw space 12288K,  54% used [0x38c20000, 0x392a74d8, 0x392a7600, 0x39820000)
GC Heap History (4 events):
Event: 2.558 GC heap before
{Heap before GC invocations=0 (full 0):
 def new generation   total 4928K, used 2923K [0x24220000, 0x24770000, 0x29770000)
  eden space 4416K,  66% used [0x24220000, 0x244fad28, 0x24670000)
  from space 512K,   0% used [0x24670000, 0x24670000, 0x246f0000)
  to   space 512K,   0% used [0x246f0000, 0x246f0000, 0x24770000)
 tenured generation   total 10944K, used 0K [0x29770000, 0x2a220000, 0x34220000)
   the space 10944K,   0% used [0x29770000, 0x29770000, 0x29770200, 0x2a220000)
 compacting perm gen  total 12288K, used 990K [0x34220000, 0x34e20000, 0x38220000)
   the space 12288K,   8% used [0x34220000, 0x34317ab0, 0x34317c00, 0x34e20000)
    ro space 10240K,  45% used [0x38220000, 0x386a3960, 0x386a3a00, 0x38c20000)
    rw space 12288K,  54% used [0x38c20000, 0x392a74d8, 0x392a7600, 0x39820000)
Event: 2.570 GC heap after
Heap after GC invocations=1 (full 0):
 def new generation   total 4928K, used 512K [0x24220000, 0x24770000, 0x29770000)
  eden space 4416K,   0% used [0x24220000, 0x24220000, 0x24670000)
  from space 512K, 100% used [0x246f0000, 0x24770000, 0x24770000)
  to   space 512K,   0% used [0x24670000, 0x24670000, 0x246f0000)
 tenured generation   total 10944K, used 389K [0x29770000, 0x2a220000, 0x34220000)
   the space 10944K,   3% used [0x29770000, 0x297d1690, 0x297d1800, 0x2a220000)
 compacting perm gen  total 12288K, used 990K [0x34220000, 0x34e20000, 0x38220000)
   the space 12288K,   8% used [0x34220000, 0x34317ab0, 0x34317c00, 0x34e20000)
    ro space 10240K,  45% used [0x38220000, 0x386a3960, 0x386a3a00, 0x38c20000)
    rw space 12288K,  54% used [0x38c20000, 0x392a74d8, 0x392a7600, 0x39820000)
}
Event: 164.936 GC heap before
{Heap before GC invocations=1 (full 0):
 def new generation   total 4928K, used 4928K [0x24220000, 0x24770000, 0x29770000)
  eden space 4416K, 100% used [0x24220000, 0x24670000, 0x24670000)
  from space 512K, 100% used [0x246f0000, 0x24770000, 0x24770000)
  to   space 512K,   0% used [0x24670000, 0x24670000, 0x246f0000)
 tenured generation   total 10944K, used 389K [0x29770000, 0x2a220000, 0x34220000)
   the space 10944K,   3% used [0x29770000, 0x297d1690, 0x297d1800, 0x2a220000)
 compacting perm gen  total 12288K, used 1132K [0x34220000, 0x34e20000, 0x38220000)
   the space 12288K,   9% used [0x34220000, 0x3433b188, 0x3433b200, 0x34e20000)
    ro space 10240K,  45% used [0x38220000, 0x386a3960, 0x386a3a00, 0x38c20000)
    rw space 12288K,  54% used [0x38c20000, 0x392a74d8, 0x392a7600, 0x39820000)
Event: 164.947 GC heap after
Heap after GC invocations=2 (full 0):
 def new generation   total 4928K, used 303K [0x24220000, 0x24770000, 0x29770000)
  eden space 4416K,   0% used [0x24220000, 0x24220000, 0x24670000)
  from space 512K,  59% used [0x24670000, 0x246bbd00, 0x246f0000)
  to   space 512K,   0% used [0x246f0000, 0x246f0000, 0x24770000)
 tenured generation   total 10944K, used 2429K [0x29770000, 0x2a220000, 0x34220000)
   the space 10944K,  22% used [0x29770000, 0x299cf720, 0x299cf800, 0x2a220000)
 compacting perm gen  total 12288K, used 1132K [0x34220000, 0x34e20000, 0x38220000)
   the space 12288K,   9% used [0x34220000, 0x3433b188, 0x3433b200, 0x34e20000)
    ro space 10240K,  45% used [0x38220000, 0x386a3960, 0x386a3a00, 0x38c20000)
    rw space 12288K,  54% used [0x38c20000, 0x392a74d8, 0x392a7600, 0x39820000)
}

