# JRE version: 7.0_05-b05
# Java VM: Java HotSpot(TM) Client VM (23.1-b03 mixed mode, sharing windows-x86 )
Heap
 def new generation   total 4928K, used 4220K [0x24220000, 0x24770000, 0x29770000)
  eden space 4416K,  94% used [0x24220000, 0x246382e0, 0x24670000)
  from space 512K,   5% used [0x246f0000, 0x246f6d70, 0x24770000)
  to   space 512K,   0% used [0x24670000, 0x24670000, 0x246f0000)
 tenured generation   total 10944K, used 2725K [0x29770000, 0x2a220000, 0x34220000)
   the space 10944K,  24% used [0x29770000, 0x29a197f8, 0x29a19800, 0x2a220000)
 compacting perm gen  total 12288K, used 1135K [0x34220000, 0x34e20000, 0x38220000)
   the space 12288K,   9% used [0x34220000, 0x3433bc00, 0x3433bc00, 0x34e20000)
    ro space 10240K,  45% used [0x38220000, 0x386a3960, 0x386a3a00, 0x38c20000)
    rw space 12288K,  54% used [0x38c20000, 0x392a74d8, 0x392a7600, 0x39820000)
GC Heap History (10 events):
Event: 40.785 GC heap before
{Heap before GC invocations=2 (full 0):
 def new generation   total 4928K, used 4716K [0x24220000, 0x24770000, 0x29770000)
  eden space 4416K, 100% used [0x24220000, 0x24670000, 0x24670000)
  from space 512K,  58% used [0x24670000, 0x246bb040, 0x246f0000)
  to   space 512K,   0% used [0x246f0000, 0x246f0000, 0x24770000)
 tenured generation   total 10944K, used 2429K [0x29770000, 0x2a220000, 0x34220000)
   the space 10944K,  22% used [0x29770000, 0x299cf7f0, 0x299cf800, 0x2a220000)
 compacting perm gen  total 12288K, used 1133K [0x34220000, 0x34e20000, 0x38220000)
   the space 12288K,   9% used [0x34220000, 0x3433b458, 0x3433b600, 0x34e20000)
    ro space 10240K,  45% used [0x38220000, 0x386a3960, 0x386a3a00, 0x38c20000)
    rw space 12288K,  54% used [0x38c20000, 0x392a74d8, 0x392a7600, 0x39820000)
Event: 40.789 GC heap after
Heap after GC invocations=3 (full 0):
 def new generation   total 4928K, used 7K [0x24220000, 0x24770000, 0x29770000)
  eden space 4416K,   0% used [0x24220000, 0x24220000, 0x24670000)
  from space 512K,   1% used [0x246f0000, 0x246f1d08, 0x24770000)
  to   space 512K,   0% used [0x24670000, 0x24670000, 0x246f0000)
 tenured generation   total 10944K, used 2725K [0x29770000, 0x2a220000, 0x34220000)
   the space 10944K,  24% used [0x29770000, 0x29a197f8, 0x29a19800, 0x2a220000)
 compacting perm gen  total 12288K, used 1133K [0x34220000, 0x34e20000, 0x38220000)
   the space 12288K,   9% used [0x34220000, 0x3433b458, 0x3433b600, 0x34e20000)
    ro space 10240K,  45% used [0x38220000, 0x386a3960, 0x386a3a00, 0x38c20000)
    rw space 12288K,  54% used [0x38c20000, 0x392a74d8, 0x392a7600, 0x39820000)
}
Event: 49.234 GC heap before
{Heap before GC invocations=3 (full 0):
 def new generation   total 4928K, used 4423K [0x24220000, 0x24770000, 0x29770000)
  eden space 4416K, 100% used [0x24220000, 0x24670000, 0x24670000)
  from space 512K,   1% used [0x246f0000, 0x246f1d08, 0x24770000)
  to   space 512K,   0% used [0x24670000, 0x24670000, 0x246f0000)
 tenured generation   total 10944K, used 2725K [0x29770000, 0x2a220000, 0x34220000)
   the space 10944K,  24% used [0x29770000, 0x29a197f8, 0x29a19800, 0x2a220000)
 compacting perm gen  total 12288K, used 1133K [0x34220000, 0x34e20000, 0x38220000)
   the space 12288K,   9% used [0x34220000, 0x3433b608, 0x3433b800, 0x34e20000)
    ro space 10240K,  45% used [0x38220000, 0x386a3960, 0x386a3a00, 0x38c20000)
    rw space 12288K,  54% used [0x38c20000, 0x392a74d8, 0x392a7600, 0x39820000)
Event: 49.235 GC heap after
Heap after GC invocations=4 (full 0):
 def new generation   total 4928K, used 12K [0x24220000, 0x24770000, 0x29770000)
  eden space 4416K,   0% used [0x24220000, 0x24220000, 0x24670000)
  from space 512K,   2% used [0x24670000, 0x246732a0, 0x246f0000)
  to   space 512K,   0% used [0x246f0000, 0x246f0000, 0x24770000)
 tenured generation   total 10944K, used 2725K [0x29770000, 0x2a220000, 0x34220000)
   the space 10944K,  24% used [0x29770000, 0x29a197f8, 0x29a19800, 0x2a220000)
 compacting perm gen  total 12288K, used 1133K [0x34220000, 0x34e20000, 0x38220000)
   the space 12288K,   9% used [0x34220000, 0x3433b608, 0x3433b800, 0x34e20000)
    ro space 10240K,  45% used [0x38220000, 0x386a3960, 0x386a3a00, 0x38c20000)
    rw space 12288K,  54% used [0x38c20000, 0x392a74d8, 0x392a7600, 0x39820000)
}
Event: 292.751 GC heap before
{Heap before GC invocations=4 (full 0):
 def new generation   total 4928K, used 4428K [0x24220000, 0x24770000, 0x29770000)
  eden space 4416K, 100% used [0x24220000, 0x24670000, 0x24670000)
  from space 512K,   2% used [0x24670000, 0x246732a0, 0x246f0000)
  to   space 512K,   0% used [0x246f0000, 0x246f0000, 0x24770000)
 tenured generation   total 10944K, used 2725K [0x29770000, 0x2a220000, 0x34220000)
   the space 10944K,  24% used [0x29770000, 0x29a197f8, 0x29a19800, 0x2a220000)
 compacting perm gen  total 12288K, used 1134K [0x34220000, 0x34e20000, 0x38220000)
   the space 12288K,   9% used [0x34220000, 0x3433b818, 0x3433ba00, 0x34e20000)
    ro space 10240K,  45% used [0x38220000, 0x386a3960, 0x386a3a00, 0x38c20000)
    rw space 12288K,  54% used [0x38c20000, 0x392a74d8, 0x392a7600, 0x39820000)
Event: 292.753 GC heap after
Heap after GC invocations=5 (full 0):
 def new generation   total 4928K, used 21K [0x24220000, 0x24770000, 0x29770000)
  eden space 4416K,   0% used [0x24220000, 0x24220000, 0x24670000)
  from space 512K,   4% used [0x246f0000, 0x246f5438, 0x24770000)
  to   space 512K,   0% used [0x24670000, 0x24670000, 0x246f0000)
 tenured generation   total 10944K, used 2725K [0x29770000, 0x2a220000, 0x34220000)
   the space 10944K,  24% used [0x29770000, 0x29a197f8, 0x29a19800, 0x2a220000)
 compacting perm gen  total 12288K, used 1134K [0x34220000, 0x34e20000, 0x38220000)
   the space 12288K,   9% used [0x34220000, 0x3433b818, 0x3433ba00, 0x34e20000)
    ro space 10240K,  45% used [0x38220000, 0x386a3960, 0x386a3a00, 0x38c20000)
    rw space 12288K,  54% used [0x38c20000, 0x392a74d8, 0x392a7600, 0x39820000)
}
Event: 2394.911 GC heap before
{Heap before GC invocations=5 (full 0):
 def new generation   total 4928K, used 4437K [0x24220000, 0x24770000, 0x29770000)
  eden space 4416K, 100% used [0x24220000, 0x24670000, 0x24670000)
  from space 512K,   4% used [0x246f0000, 0x246f5438, 0x24770000)
  to   space 512K,   0% used [0x24670000, 0x24670000, 0x246f0000)
 tenured generation   total 10944K, used 2725K [0x29770000, 0x2a220000, 0x34220000)
   the space 10944K,  24% used [0x29770000, 0x29a197f8, 0x29a19800, 0x2a220000)
 compacting perm gen  total 12288K, used 1134K [0x34220000, 0x34e20000, 0x38220000)
   the space 12288K,   9% used [0x34220000, 0x3433b938, 0x3433ba00, 0x34e20000)
    ro space 10240K,  45% used [0x38220000, 0x386a3960, 0x386a3a00, 0x38c20000)
    rw space 12288K,  54% used [0x38c20000, 0x392a74d8, 0x392a7600, 0x39820000)
Event: 2394.913 GC heap after
Heap after GC invocations=6 (full 0):
 def new generation   total 4928K, used 24K [0x24220000, 0x24770000, 0x29770000)
  eden space 4416K,   0% used [0x24220000, 0x24220000, 0x24670000)
  from space 512K,   4% used [0x24670000, 0x24676290, 0x246f0000)
  to   space 512K,   0% used [0x246f0000, 0x246f0000, 0x24770000)
 tenured generation   total 10944K, used 2725K [0x29770000, 0x2a220000, 0x34220000)
   the space 10944K,  24% used [0x29770000, 0x29a197f8, 0x29a19800, 0x2a220000)
 compacting perm gen  total 12288K, used 1134K [0x34220000, 0x34e20000, 0x38220000)
   the space 12288K,   9% used [0x34220000, 0x3433b938, 0x3433ba00, 0x34e20000)
    ro space 10240K,  45% used [0x38220000, 0x386a3960, 0x386a3a00, 0x38c20000)
    rw space 12288K,  54% used [0x38c20000, 0x392a74d8, 0x392a7600, 0x39820000)
}
Event: 2747.711 GC heap before
{Heap before GC invocations=6 (full 0):
 def new generation   total 4928K, used 4440K [0x24220000, 0x24770000, 0x29770000)
  eden space 4416K, 100% used [0x24220000, 0x24670000, 0x24670000)
  from space 512K,   4% used [0x24670000, 0x24676290, 0x246f0000)
  to   space 512K,   0% used [0x246f0000, 0x246f0000, 0x24770000)
 tenured generation   total 10944K, used 2725K [0x29770000, 0x2a220000, 0x34220000)
   the space 10944K,  24% used [0x29770000, 0x29a197f8, 0x29a19800, 0x2a220000)
 compacting perm gen  total 12288K, used 1134K [0x34220000, 0x34e20000, 0x38220000)
   the space 12288K,   9% used [0x34220000, 0x3433bb10, 0x3433bc00, 0x34e20000)
    ro space 10240K,  45% used [0x38220000, 0x386a3960, 0x386a3a00, 0x38c20000)
    rw space 12288K,  54% used [0x38c20000, 0x392a74d8, 0x392a7600, 0x39820000)
Event: 2747.713 GC heap after
Heap after GC invocations=7 (full 0):
 def new generation   total 4928K, used 27K [0x24220000, 0x24770000, 0x29770000)
  eden space 4416K,   0% used [0x24220000, 0x24220000, 0x24670000)
  from space 512K,   5% used [0x246f0000, 0x246f6d70, 0x24770000)
  to   space 512K,   0% used [0x24670000, 0x24670000, 0x246f0000)
 tenured generation   total 10944K, used 2725K [0x29770000, 0x2a220000, 0x34220000)
   the space 10944K,  24% used [0x29770000, 0x29a197f8, 0x29a19800, 0x2a220000)
 compacting perm gen  total 12288K, used 1134K [0x34220000, 0x34e20000, 0x38220000)
   the space 12288K,   9% used [0x34220000, 0x3433bb10, 0x3433bc00, 0x34e20000)
    ro space 10240K,  45% used [0x38220000, 0x386a3960, 0x386a3a00, 0x38c20000)
    rw space 12288K,  54% used [0x38c20000, 0x392a74d8, 0x392a7600, 0x39820000)
}

