# JRE version: 7.0_05-b05
# Java VM: Java HotSpot(TM) Client VM (23.1-b03 mixed mode, sharing windows-x86 )
Heap
 def new generation   total 4928K, used 1711K [0x24220000, 0x24770000, 0x29770000)
  eden space 4416K,  38% used [0x24220000, 0x243c5858, 0x24670000)
  from space 512K,   4% used [0x246f0000, 0x246f63e0, 0x24770000)
  to   space 512K,   0% used [0x24670000, 0x24670000, 0x246f0000)
 tenured generation   total 10944K, used 2738K [0x29770000, 0x2a220000, 0x34220000)
   the space 10944K,  25% used [0x29770000, 0x29a1cb28, 0x29a1cc00, 0x2a220000)
 compacting perm gen  total 12288K, used 1135K [0x34220000, 0x34e20000, 0x38220000)
   the space 12288K,   9% used [0x34220000, 0x3433bfb8, 0x3433c000, 0x34e20000)
    ro space 10240K,  45% used [0x38220000, 0x386a3960, 0x386a3a00, 0x38c20000)
    rw space 12288K,  54% used [0x38c20000, 0x392a74d8, 0x392a7600, 0x39820000)
GC Heap History (10 events):
Event: 838.947 GC heap before
{Heap before GC invocations=2 (full 0):
 def new generation   total 4928K, used 4713K [0x24220000, 0x24770000, 0x29770000)
  eden space 4416K, 100% used [0x24220000, 0x24670000, 0x24670000)
  from space 512K,  58% used [0x24670000, 0x246ba450, 0x246f0000)
  to   space 512K,   0% used [0x246f0000, 0x246f0000, 0x24770000)
 tenured generation   total 10944K, used 2447K [0x29770000, 0x2a220000, 0x34220000)
   the space 10944K,  22% used [0x29770000, 0x299d3c48, 0x299d3e00, 0x2a220000)
 compacting perm gen  total 12288K, used 1133K [0x34220000, 0x34e20000, 0x38220000)
   the space 12288K,   9% used [0x34220000, 0x3433b588, 0x3433b600, 0x34e20000)
    ro space 10240K,  45% used [0x38220000, 0x386a3960, 0x386a3a00, 0x38c20000)
    rw space 12288K,  54% used [0x38c20000, 0x392a74d8, 0x392a7600, 0x39820000)
Event: 838.951 GC heap after
Heap after GC invocations=3 (full 0):
 def new generation   total 4928K, used 23K [0x24220000, 0x24770000, 0x29770000)
  eden space 4416K,   0% used [0x24220000, 0x24220000, 0x24670000)
  from space 512K,   4% used [0x246f0000, 0x246f5e68, 0x24770000)
  to   space 512K,   0% used [0x24670000, 0x24670000, 0x246f0000)
 tenured generation   total 10944K, used 2738K [0x29770000, 0x2a220000, 0x34220000)
   the space 10944K,  25% used [0x29770000, 0x29a1cb28, 0x29a1cc00, 0x2a220000)
 compacting perm gen  total 12288K, used 1133K [0x34220000, 0x34e20000, 0x38220000)
   the space 12288K,   9% used [0x34220000, 0x3433b588, 0x3433b600, 0x34e20000)
    ro space 10240K,  45% used [0x38220000, 0x386a3960, 0x386a3a00, 0x38c20000)
    rw space 12288K,  54% used [0x38c20000, 0x392a74d8, 0x392a7600, 0x39820000)
}
Event: 1097.833 GC heap before
{Heap before GC invocations=3 (full 0):
 def new generation   total 4928K, used 4439K [0x24220000, 0x24770000, 0x29770000)
  eden space 4416K, 100% used [0x24220000, 0x24670000, 0x24670000)
  from space 512K,   4% used [0x246f0000, 0x246f5e68, 0x24770000)
  to   space 512K,   0% used [0x24670000, 0x24670000, 0x246f0000)
 tenured generation   total 10944K, used 2738K [0x29770000, 0x2a220000, 0x34220000)
   the space 10944K,  25% used [0x29770000, 0x29a1cb28, 0x29a1cc00, 0x2a220000)
 compacting perm gen  total 12288K, used 1133K [0x34220000, 0x34e20000, 0x38220000)
   the space 12288K,   9% used [0x34220000, 0x3433b6f8, 0x3433b800, 0x34e20000)
    ro space 10240K,  45% used [0x38220000, 0x386a3960, 0x386a3a00, 0x38c20000)
    rw space 12288K,  54% used [0x38c20000, 0x392a74d8, 0x392a7600, 0x39820000)
Event: 1097.836 GC heap after
Heap after GC invocations=4 (full 0):
 def new generation   total 4928K, used 27K [0x24220000, 0x24770000, 0x29770000)
  eden space 4416K,   0% used [0x24220000, 0x24220000, 0x24670000)
  from space 512K,   5% used [0x24670000, 0x24676c18, 0x246f0000)
  to   space 512K,   0% used [0x246f0000, 0x246f0000, 0x24770000)
 tenured generation   total 10944K, used 2738K [0x29770000, 0x2a220000, 0x34220000)
   the space 10944K,  25% used [0x29770000, 0x29a1cb28, 0x29a1cc00, 0x2a220000)
 compacting perm gen  total 12288K, used 1133K [0x34220000, 0x34e20000, 0x38220000)
   the space 12288K,   9% used [0x34220000, 0x3433b6f8, 0x3433b800, 0x34e20000)
    ro space 10240K,  45% used [0x38220000, 0x386a3960, 0x386a3a00, 0x38c20000)
    rw space 12288K,  54% used [0x38c20000, 0x392a74d8, 0x392a7600, 0x39820000)
}
Event: 3948.386 GC heap before
{Heap before GC invocations=4 (full 0):
 def new generation   total 4928K, used 4443K [0x24220000, 0x24770000, 0x29770000)
  eden space 4416K, 100% used [0x24220000, 0x24670000, 0x24670000)
  from space 512K,   5% used [0x24670000, 0x24676c18, 0x246f0000)
  to   space 512K,   0% used [0x246f0000, 0x246f0000, 0x24770000)
 tenured generation   total 10944K, used 2738K [0x29770000, 0x2a220000, 0x34220000)
   the space 10944K,  25% used [0x29770000, 0x29a1cb28, 0x29a1cc00, 0x2a220000)
 compacting perm gen  total 12288K, used 1134K [0x34220000, 0x34e20000, 0x38220000)
   the space 12288K,   9% used [0x34220000, 0x3433b838, 0x3433ba00, 0x34e20000)
    ro space 10240K,  45% used [0x38220000, 0x386a3960, 0x386a3a00, 0x38c20000)
    rw space 12288K,  54% used [0x38c20000, 0x392a74d8, 0x392a7600, 0x39820000)
Event: 3948.387 GC heap after
Heap after GC invocations=5 (full 0):
 def new generation   total 4928K, used 21K [0x24220000, 0x24770000, 0x29770000)
  eden space 4416K,   0% used [0x24220000, 0x24220000, 0x24670000)
  from space 512K,   4% used [0x246f0000, 0x246f55c8, 0x24770000)
  to   space 512K,   0% used [0x24670000, 0x24670000, 0x246f0000)
 tenured generation   total 10944K, used 2738K [0x29770000, 0x2a220000, 0x34220000)
   the space 10944K,  25% used [0x29770000, 0x29a1cb28, 0x29a1cc00, 0x2a220000)
 compacting perm gen  total 12288K, used 1134K [0x34220000, 0x34e20000, 0x38220000)
   the space 12288K,   9% used [0x34220000, 0x3433b838, 0x3433ba00, 0x34e20000)
    ro space 10240K,  45% used [0x38220000, 0x386a3960, 0x386a3a00, 0x38c20000)
    rw space 12288K,  54% used [0x38c20000, 0x392a74d8, 0x392a7600, 0x39820000)
}
Event: 4901.417 GC heap before
{Heap before GC invocations=5 (full 0):
 def new generation   total 4928K, used 4437K [0x24220000, 0x24770000, 0x29770000)
  eden space 4416K, 100% used [0x24220000, 0x24670000, 0x24670000)
  from space 512K,   4% used [0x246f0000, 0x246f55c8, 0x24770000)
  to   space 512K,   0% used [0x24670000, 0x24670000, 0x246f0000)
 tenured generation   total 10944K, used 2738K [0x29770000, 0x2a220000, 0x34220000)
   the space 10944K,  25% used [0x29770000, 0x29a1cb28, 0x29a1cc00, 0x2a220000)
 compacting perm gen  total 12288K, used 1134K [0x34220000, 0x34e20000, 0x38220000)
   the space 12288K,   9% used [0x34220000, 0x3433b908, 0x3433ba00, 0x34e20000)
    ro space 10240K,  45% used [0x38220000, 0x386a3960, 0x386a3a00, 0x38c20000)
    rw space 12288K,  54% used [0x38c20000, 0x392a74d8, 0x392a7600, 0x39820000)
Event: 4901.419 GC heap after
Heap after GC invocations=6 (full 0):
 def new generation   total 4928K, used 25K [0x24220000, 0x24770000, 0x29770000)
  eden space 4416K,   0% used [0x24220000, 0x24220000, 0x24670000)
  from space 512K,   4% used [0x24670000, 0x24676610, 0x246f0000)
  to   space 512K,   0% used [0x246f0000, 0x246f0000, 0x24770000)
 tenured generation   total 10944K, used 2738K [0x29770000, 0x2a220000, 0x34220000)
   the space 10944K,  25% used [0x29770000, 0x29a1cb28, 0x29a1cc00, 0x2a220000)
 compacting perm gen  total 12288K, used 1134K [0x34220000, 0x34e20000, 0x38220000)
   the space 12288K,   9% used [0x34220000, 0x3433b908, 0x3433ba00, 0x34e20000)
    ro space 10240K,  45% used [0x38220000, 0x386a3960, 0x386a3a00, 0x38c20000)
    rw space 12288K,  54% used [0x38c20000, 0x392a74d8, 0x392a7600, 0x39820000)
}
Event: 6944.973 GC heap before
{Heap before GC invocations=6 (full 0):
 def new generation   total 4928K, used 4441K [0x24220000, 0x24770000, 0x29770000)
  eden space 4416K, 100% used [0x24220000, 0x24670000, 0x24670000)
  from space 512K,   4% used [0x24670000, 0x24676610, 0x246f0000)
  to   space 512K,   0% used [0x246f0000, 0x246f0000, 0x24770000)
 tenured generation   total 10944K, used 2738K [0x29770000, 0x2a220000, 0x34220000)
   the space 10944K,  25% used [0x29770000, 0x29a1cb28, 0x29a1cc00, 0x2a220000)
 compacting perm gen  total 12288K, used 1134K [0x34220000, 0x34e20000, 0x38220000)
   the space 12288K,   9% used [0x34220000, 0x3433bb20, 0x3433bc00, 0x34e20000)
    ro space 10240K,  45% used [0x38220000, 0x386a3960, 0x386a3a00, 0x38c20000)
    rw space 12288K,  54% used [0x38c20000, 0x392a74d8, 0x392a7600, 0x39820000)
Event: 6944.975 GC heap after
Heap after GC invocations=7 (full 0):
 def new generation   total 4928K, used 24K [0x24220000, 0x24770000, 0x29770000)
  eden space 4416K,   0% used [0x24220000, 0x24220000, 0x24670000)
  from space 512K,   4% used [0x246f0000, 0x246f63e0, 0x24770000)
  to   space 512K,   0% used [0x24670000, 0x24670000, 0x246f0000)
 tenured generation   total 10944K, used 2738K [0x29770000, 0x2a220000, 0x34220000)
   the space 10944K,  25% used [0x29770000, 0x29a1cb28, 0x29a1cc00, 0x2a220000)
 compacting perm gen  total 12288K, used 1134K [0x34220000, 0x34e20000, 0x38220000)
   the space 12288K,   9% used [0x34220000, 0x3433bb20, 0x3433bc00, 0x34e20000)
    ro space 10240K,  45% used [0x38220000, 0x386a3960, 0x386a3a00, 0x38c20000)
    rw space 12288K,  54% used [0x38c20000, 0x392a74d8, 0x392a7600, 0x39820000)
}

